0 info it worked if it ends with ok
1 verbose cli [ 'C:\\Program Files\\nodejs\\node.exe',
1 verbose cli   'C:\\Program Files\\nodejs\\node_modules\\npm\\bin\\npm-cli.js',
1 verbose cli   'install',
1 verbose cli   'angular-slick' ]
2 info using npm@2.15.9
3 info using node@v4.5.0
4 verbose install initial load of C:\Dev\caleb-weaver-page\package.json
5 warn package.json personal-site@1.0.0 No description
6 warn package.json personal-site@1.0.0 No repository field.
7 warn package.json personal-site@1.0.0 No README data
8 verbose installManyTop reading scoped package data from C:\Dev\caleb-weaver-page\node_modules\angular-ui-router\package.json
9 verbose installManyTop reading scoped package data from C:\Dev\caleb-weaver-page\node_modules\body-parser\package.json
10 verbose installManyTop reading scoped package data from C:\Dev\caleb-weaver-page\node_modules\compass\package.json
11 verbose installManyTop reading scoped package data from C:\Dev\caleb-weaver-page\node_modules\express\package.json
12 verbose installManyTop reading scoped package data from C:\Dev\caleb-weaver-page\node_modules\gulp\package.json
13 verbose installManyTop reading scoped package data from C:\Dev\caleb-weaver-page\node_modules\gulp-sass\package.json
14 verbose installManyTop reading scoped package data from C:\Dev\caleb-weaver-page\node_modules\method-override\package.json
15 verbose installManyTop reading scoped package data from C:\Dev\caleb-weaver-page\node_modules\mongoose\package.json
16 verbose installManyTop reading scoped package data from C:\Dev\caleb-weaver-page\node_modules\morgan\package.json
17 verbose installManyTop reading scoped package data from C:\Dev\caleb-weaver-page\node_modules\path\package.json
18 info package.json path@0.12.7 path is also the name of a node core module.
19 verbose readDependencies loading dependencies from C:\Dev\caleb-weaver-page\package.json
20 silly cache add args [ 'angular-slick', null ]
21 verbose cache add spec angular-slick
22 silly cache add parsed spec Result {
22 silly cache add   raw: 'angular-slick',
22 silly cache add   scope: null,
22 silly cache add   name: 'angular-slick',
22 silly cache add   rawSpec: '',
22 silly cache add   spec: 'latest',
22 silly cache add   type: 'tag' }
23 silly addNamed angular-slick@latest
24 verbose addNamed "latest" is being treated as a dist-tag for angular-slick
25 info addNameTag [ 'angular-slick', 'latest' ]
26 silly mapToRegistry name angular-slick
27 silly mapToRegistry using default registry
28 silly mapToRegistry registry https://registry.npmjs.org/
29 silly mapToRegistry data Result {
29 silly mapToRegistry   raw: 'angular-slick',
29 silly mapToRegistry   scope: null,
29 silly mapToRegistry   name: 'angular-slick',
29 silly mapToRegistry   rawSpec: '',
29 silly mapToRegistry   spec: 'latest',
29 silly mapToRegistry   type: 'tag' }
30 silly mapToRegistry uri https://registry.npmjs.org/angular-slick
31 verbose addNameTag registry:https://registry.npmjs.org/angular-slick not in flight; fetching
32 verbose request uri https://registry.npmjs.org/angular-slick
33 verbose request no auth needed
34 info attempt registry request try #1 at 4:19:37 PM
35 verbose request id 7a1b8b22ef29223a
36 http request GET https://registry.npmjs.org/angular-slick
37 http 404 https://registry.npmjs.org/angular-slick
38 verbose headers { 'content-type': 'application/json',
38 verbose headers   'cache-control': 'max-age=0',
38 verbose headers   'content-length': '2',
38 verbose headers   'accept-ranges': 'bytes',
38 verbose headers   date: 'Sat, 31 Dec 2016 21:20:00 GMT',
38 verbose headers   via: '1.1 varnish',
38 verbose headers   age: '0',
38 verbose headers   connection: 'keep-alive',
38 verbose headers   'x-served-by': 'cache-jfk8150-JFK',
38 verbose headers   'x-cache': 'MISS',
38 verbose headers   'x-cache-hits': '0',
38 verbose headers   'x-timer': 'S1483219200.599844,VS0,VE374',
38 verbose headers   vary: 'Accept-Encoding' }
39 silly get cb [ 404,
39 silly get   { 'content-type': 'application/json',
39 silly get     'cache-control': 'max-age=0',
39 silly get     'content-length': '2',
39 silly get     'accept-ranges': 'bytes',
39 silly get     date: 'Sat, 31 Dec 2016 21:20:00 GMT',
39 silly get     via: '1.1 varnish',
39 silly get     age: '0',
39 silly get     connection: 'keep-alive',
39 silly get     'x-served-by': 'cache-jfk8150-JFK',
39 silly get     'x-cache': 'MISS',
39 silly get     'x-cache-hits': '0',
39 silly get     'x-timer': 'S1483219200.599844,VS0,VE374',
39 silly get     vary: 'Accept-Encoding' } ]
40 verbose stack Error: Registry returned 404 for GET on https://registry.npmjs.org/angular-slick
40 verbose stack     at makeError (C:\Program Files\nodejs\node_modules\npm\node_modules\npm-registry-client\lib\request.js:264:12)
40 verbose stack     at CachingRegistryClient.<anonymous> (C:\Program Files\nodejs\node_modules\npm\node_modules\npm-registry-client\lib\request.js:242:14)
40 verbose stack     at Request._callback (C:\Program Files\nodejs\node_modules\npm\node_modules\npm-registry-client\lib\request.js:172:14)
40 verbose stack     at Request.self.callback (C:\Program Files\nodejs\node_modules\npm\node_modules\request\request.js:200:22)
40 verbose stack     at emitTwo (events.js:87:13)
40 verbose stack     at Request.emit (events.js:172:7)
40 verbose stack     at Request.<anonymous> (C:\Program Files\nodejs\node_modules\npm\node_modules\request\request.js:1067:10)
40 verbose stack     at emitOne (events.js:82:20)
40 verbose stack     at Request.emit (events.js:169:7)
40 verbose stack     at IncomingMessage.<anonymous> (C:\Program Files\nodejs\node_modules\npm\node_modules\request\request.js:988:12)
41 verbose statusCode 404
42 verbose pkgid angular-slick
43 verbose cwd C:\Dev\caleb-weaver-page
44 error Windows_NT 10.0.14393
45 error argv "C:\\Program Files\\nodejs\\node.exe" "C:\\Program Files\\nodejs\\node_modules\\npm\\bin\\npm-cli.js" "install" "angular-slick"
46 error node v4.5.0
47 error npm  v2.15.9
48 error code E404
49 error 404 Registry returned 404 for GET on https://registry.npmjs.org/angular-slick
49 error 404
49 error 404 'angular-slick' is not in the npm registry.
49 error 404 You should bug the author to publish it (or use the name yourself!)
49 error 404 It was specified as a dependency of 'personal-site'
49 error 404
49 error 404 Note that you can also install from a
49 error 404 tarball, folder, http url, or git url.
50 verbose exit [ 1, true ]
